<?xml version="1.0" encoding="UTF-8"?>
<testsuite xmlns:xsi="http://www.w3.org/2001/XMLSchema-instance" xsi:noNamespaceSchemaLocation="https://maven.apache.org/surefire/maven-surefire-plugin/xsd/surefire-test-report.xsd" name="app.TestSeguranÃ§a" time="6.827" tests="2" errors="0" skipped="0" failures="0">
  <properties>
    <property name="sun.desktop" value="windows"/>
    <property name="awt.toolkit" value="sun.awt.windows.WToolkit"/>
    <property name="java.specification.version" value="11"/>
    <property name="sun.cpu.isalist" value="amd64"/>
    <property name="sun.jnu.encoding" value="Cp1252"/>
    <property name="java.class.path" value="C:\brian\PROJETO DE ESTUDOS\BACK\project-security\app\target\test-classes;C:\brian\PROJETO DE ESTUDOS\BACK\project-security\app\target\classes;C:\Users\re044869\.m2\repository\org\springframework\boot\spring-boot-starter\2.5.0\spring-boot-starter-2.5.0.jar;C:\Users\re044869\.m2\repository\org\springframework\boot\spring-boot\2.5.0\spring-boot-2.5.0.jar;C:\Users\re044869\.m2\repository\org\springframework\spring-context\5.3.7\spring-context-5.3.7.jar;C:\Users\re044869\.m2\repository\org\springframework\boot\spring-boot-autoconfigure\2.5.0\spring-boot-autoconfigure-2.5.0.jar;C:\Users\re044869\.m2\repository\org\springframework\boot\spring-boot-starter-logging\2.5.0\spring-boot-starter-logging-2.5.0.jar;C:\Users\re044869\.m2\repository\ch\qos\logback\logback-classic\1.2.3\logback-classic-1.2.3.jar;C:\Users\re044869\.m2\repository\ch\qos\logback\logback-core\1.2.3\logback-core-1.2.3.jar;C:\Users\re044869\.m2\repository\org\apache\logging\log4j\log4j-to-slf4j\2.14.1\log4j-to-slf4j-2.14.1.jar;C:\Users\re044869\.m2\repository\org\apache\logging\log4j\log4j-api\2.14.1\log4j-api-2.14.1.jar;C:\Users\re044869\.m2\repository\org\slf4j\jul-to-slf4j\1.7.30\jul-to-slf4j-1.7.30.jar;C:\Users\re044869\.m2\repository\jakarta\annotation\jakarta.annotation-api\1.3.5\jakarta.annotation-api-1.3.5.jar;C:\Users\re044869\.m2\repository\org\springframework\spring-core\5.3.7\spring-core-5.3.7.jar;C:\Users\re044869\.m2\repository\org\springframework\spring-jcl\5.3.7\spring-jcl-5.3.7.jar;C:\Users\re044869\.m2\repository\org\yaml\snakeyaml\1.28\snakeyaml-1.28.jar;C:\Users\re044869\.m2\repository\com\google\code\gson\gson\2.8.6\gson-2.8.6.jar;C:\Users\re044869\.m2\repository\org\springframework\boot\spring-boot-starter-test\2.5.0\spring-boot-starter-test-2.5.0.jar;C:\Users\re044869\.m2\repository\org\springframework\boot\spring-boot-test\2.5.0\spring-boot-test-2.5.0.jar;C:\Users\re044869\.m2\repository\org\springframework\boot\spring-boot-test-autoconfigure\2.5.0\spring-boot-test-autoconfigure-2.5.0.jar;C:\Users\re044869\.m2\repository\com\jayway\jsonpath\json-path\2.5.0\json-path-2.5.0.jar;C:\Users\re044869\.m2\repository\net\minidev\json-smart\2.4.7\json-smart-2.4.7.jar;C:\Users\re044869\.m2\repository\net\minidev\accessors-smart\2.4.7\accessors-smart-2.4.7.jar;C:\Users\re044869\.m2\repository\org\ow2\asm\asm\9.1\asm-9.1.jar;C:\Users\re044869\.m2\repository\jakarta\xml\bind\jakarta.xml.bind-api\2.3.3\jakarta.xml.bind-api-2.3.3.jar;C:\Users\re044869\.m2\repository\jakarta\activation\jakarta.activation-api\1.2.2\jakarta.activation-api-1.2.2.jar;C:\Users\re044869\.m2\repository\org\assertj\assertj-core\3.19.0\assertj-core-3.19.0.jar;C:\Users\re044869\.m2\repository\org\hamcrest\hamcrest\2.2\hamcrest-2.2.jar;C:\Users\re044869\.m2\repository\org\junit\jupiter\junit-jupiter\5.7.2\junit-jupiter-5.7.2.jar;C:\Users\re044869\.m2\repository\org\junit\jupiter\junit-jupiter-api\5.7.2\junit-jupiter-api-5.7.2.jar;C:\Users\re044869\.m2\repository\org\apiguardian\apiguardian-api\1.1.0\apiguardian-api-1.1.0.jar;C:\Users\re044869\.m2\repository\org\opentest4j\opentest4j\1.2.0\opentest4j-1.2.0.jar;C:\Users\re044869\.m2\repository\org\junit\platform\junit-platform-commons\1.7.2\junit-platform-commons-1.7.2.jar;C:\Users\re044869\.m2\repository\org\junit\jupiter\junit-jupiter-params\5.7.2\junit-jupiter-params-5.7.2.jar;C:\Users\re044869\.m2\repository\org\junit\jupiter\junit-jupiter-engine\5.7.2\junit-jupiter-engine-5.7.2.jar;C:\Users\re044869\.m2\repository\org\junit\platform\junit-platform-engine\1.7.2\junit-platform-engine-1.7.2.jar;C:\Users\re044869\.m2\repository\org\mockito\mockito-core\3.9.0\mockito-core-3.9.0.jar;C:\Users\re044869\.m2\repository\net\bytebuddy\byte-buddy-agent\1.10.22\byte-buddy-agent-1.10.22.jar;C:\Users\re044869\.m2\repository\org\objenesis\objenesis\3.2\objenesis-3.2.jar;C:\Users\re044869\.m2\repository\org\mockito\mockito-junit-jupiter\3.9.0\mockito-junit-jupiter-3.9.0.jar;C:\Users\re044869\.m2\repository\org\skyscreamer\jsonassert\1.5.0\jsonassert-1.5.0.jar;C:\Users\re044869\.m2\repository\com\vaadin\external\google\android-json\0.0.20131108.vaadin1\android-json-0.0.20131108.vaadin1.jar;C:\Users\re044869\.m2\repository\org\springframework\spring-test\5.3.7\spring-test-5.3.7.jar;C:\Users\re044869\.m2\repository\org\xmlunit\xmlunit-core\2.8.2\xmlunit-core-2.8.2.jar;C:\Users\re044869\.m2\repository\org\springframework\boot\spring-boot-starter-actuator\2.5.0\spring-boot-starter-actuator-2.5.0.jar;C:\Users\re044869\.m2\repository\org\springframework\boot\spring-boot-actuator-autoconfigure\2.5.0\spring-boot-actuator-autoconfigure-2.5.0.jar;C:\Users\re044869\.m2\repository\org\springframework\boot\spring-boot-actuator\2.5.0\spring-boot-actuator-2.5.0.jar;C:\Users\re044869\.m2\repository\com\fasterxml\jackson\datatype\jackson-datatype-jsr310\2.12.3\jackson-datatype-jsr310-2.12.3.jar;C:\Users\re044869\.m2\repository\io\micrometer\micrometer-core\1.7.0\micrometer-core-1.7.0.jar;C:\Users\re044869\.m2\repository\org\hdrhistogram\HdrHistogram\2.1.12\HdrHistogram-2.1.12.jar;C:\Users\re044869\.m2\repository\org\latencyutils\LatencyUtils\2.0.3\LatencyUtils-2.0.3.jar;C:\Users\re044869\.m2\repository\org\springframework\boot\spring-boot-starter-web\2.5.0\spring-boot-starter-web-2.5.0.jar;C:\Users\re044869\.m2\repository\org\springframework\boot\spring-boot-starter-json\2.5.0\spring-boot-starter-json-2.5.0.jar;C:\Users\re044869\.m2\repository\com\fasterxml\jackson\datatype\jackson-datatype-jdk8\2.12.3\jackson-datatype-jdk8-2.12.3.jar;C:\Users\re044869\.m2\repository\com\fasterxml\jackson\module\jackson-module-parameter-names\2.12.3\jackson-module-parameter-names-2.12.3.jar;C:\Users\re044869\.m2\repository\org\springframework\boot\spring-boot-starter-tomcat\2.5.0\spring-boot-starter-tomcat-2.5.0.jar;C:\Users\re044869\.m2\repository\org\apache\tomcat\embed\tomcat-embed-core\9.0.46\tomcat-embed-core-9.0.46.jar;C:\Users\re044869\.m2\repository\org\apache\tomcat\embed\tomcat-embed-websocket\9.0.46\tomcat-embed-websocket-9.0.46.jar;C:\Users\re044869\.m2\repository\org\springframework\spring-web\5.3.7\spring-web-5.3.7.jar;C:\Users\re044869\.m2\repository\org\springframework\spring-beans\5.3.7\spring-beans-5.3.7.jar;C:\Users\re044869\.m2\repository\org\springframework\spring-webmvc\5.3.7\spring-webmvc-5.3.7.jar;C:\Users\re044869\.m2\repository\org\springframework\spring-expression\5.3.7\spring-expression-5.3.7.jar;C:\Users\re044869\.m2\repository\io\jsonwebtoken\jjwt\0.9.1\jjwt-0.9.1.jar;C:\Users\re044869\.m2\repository\com\fasterxml\jackson\core\jackson-databind\2.12.3\jackson-databind-2.12.3.jar;C:\Users\re044869\.m2\repository\com\fasterxml\jackson\core\jackson-annotations\2.12.3\jackson-annotations-2.12.3.jar;C:\Users\re044869\.m2\repository\com\fasterxml\jackson\core\jackson-core\2.12.3\jackson-core-2.12.3.jar;C:\Users\re044869\.m2\repository\com\h2database\h2\1.4.200\h2-1.4.200.jar;C:\Users\re044869\.m2\repository\org\springframework\boot\spring-boot-starter-data-jpa\2.5.0\spring-boot-starter-data-jpa-2.5.0.jar;C:\Users\re044869\.m2\repository\org\springframework\boot\spring-boot-starter-aop\2.5.0\spring-boot-starter-aop-2.5.0.jar;C:\Users\re044869\.m2\repository\org\aspectj\aspectjweaver\1.9.6\aspectjweaver-1.9.6.jar;C:\Users\re044869\.m2\repository\org\springframework\boot\spring-boot-starter-jdbc\2.5.0\spring-boot-starter-jdbc-2.5.0.jar;C:\Users\re044869\.m2\repository\com\zaxxer\HikariCP\4.0.3\HikariCP-4.0.3.jar;C:\Users\re044869\.m2\repository\org\springframework\spring-jdbc\5.3.7\spring-jdbc-5.3.7.jar;C:\Users\re044869\.m2\repository\jakarta\transaction\jakarta.transaction-api\1.3.3\jakarta.transaction-api-1.3.3.jar;C:\Users\re044869\.m2\repository\jakarta\persistence\jakarta.persistence-api\2.2.3\jakarta.persistence-api-2.2.3.jar;C:\Users\re044869\.m2\repository\org\hibernate\hibernate-core\5.4.31.Final\hibernate-core-5.4.31.Final.jar;C:\Users\re044869\.m2\repository\org\javassist\javassist\3.27.0-GA\javassist-3.27.0-GA.jar;C:\Users\re044869\.m2\repository\antlr\antlr\2.7.7\antlr-2.7.7.jar;C:\Users\re044869\.m2\repository\org\jboss\jandex\2.2.3.Final\jandex-2.2.3.Final.jar;C:\Users\re044869\.m2\repository\org\glassfish\jaxb\jaxb-runtime\2.3.4\jaxb-runtime-2.3.4.jar;C:\Users\re044869\.m2\repository\org\glassfish\jaxb\txw2\2.3.4\txw2-2.3.4.jar;C:\Users\re044869\.m2\repository\com\sun\istack\istack-commons-runtime\3.0.12\istack-commons-runtime-3.0.12.jar;C:\Users\re044869\.m2\repository\com\sun\activation\jakarta.activation\1.2.2\jakarta.activation-1.2.2.jar;C:\Users\re044869\.m2\repository\org\springframework\data\spring-data-jpa\2.5.1\spring-data-jpa-2.5.1.jar;C:\Users\re044869\.m2\repository\org\springframework\data\spring-data-commons\2.5.1\spring-data-commons-2.5.1.jar;C:\Users\re044869\.m2\repository\org\springframework\spring-orm\5.3.7\spring-orm-5.3.7.jar;C:\Users\re044869\.m2\repository\org\springframework\spring-tx\5.3.7\spring-tx-5.3.7.jar;C:\Users\re044869\.m2\repository\org\springframework\spring-aspects\5.3.7\spring-aspects-5.3.7.jar;C:\Users\re044869\.m2\repository\net\sourceforge\jexcelapi\jxl\2.6.12\jxl-2.6.12.jar;C:\Users\re044869\.m2\repository\log4j\log4j\1.2.14\log4j-1.2.14.jar;C:\Users\re044869\.m2\repository\org\springframework\boot\spring-boot-starter-cache\2.5.0\spring-boot-starter-cache-2.5.0.jar;C:\Users\re044869\.m2\repository\org\springframework\spring-context-support\5.3.7\spring-context-support-5.3.7.jar;C:\Users\re044869\.m2\repository\org\springframework\boot\spring-boot-starter-validation\2.5.0\spring-boot-starter-validation-2.5.0.jar;C:\Users\re044869\.m2\repository\org\apache\tomcat\embed\tomcat-embed-el\9.0.46\tomcat-embed-el-9.0.46.jar;C:\Users\re044869\.m2\repository\org\hibernate\validator\hibernate-validator\6.2.0.Final\hibernate-validator-6.2.0.Final.jar;C:\Users\re044869\.m2\repository\jakarta\validation\jakarta.validation-api\2.0.2\jakarta.validation-api-2.0.2.jar;C:\Users\re044869\.m2\repository\io\springfox\springfox-swagger2\3.0.0\springfox-swagger2-3.0.0.jar;C:\Users\re044869\.m2\repository\io\springfox\springfox-spi\3.0.0\springfox-spi-3.0.0.jar;C:\Users\re044869\.m2\repository\io\springfox\springfox-core\3.0.0\springfox-core-3.0.0.jar;C:\Users\re044869\.m2\repository\io\springfox\springfox-schema\3.0.0\springfox-schema-3.0.0.jar;C:\Users\re044869\.m2\repository\io\springfox\springfox-swagger-common\3.0.0\springfox-swagger-common-3.0.0.jar;C:\Users\re044869\.m2\repository\io\swagger\core\v3\swagger-annotations\2.1.2\swagger-annotations-2.1.2.jar;C:\Users\re044869\.m2\repository\io\springfox\springfox-spring-web\3.0.0\springfox-spring-web-3.0.0.jar;C:\Users\re044869\.m2\repository\io\github\classgraph\classgraph\4.8.83\classgraph-4.8.83.jar;C:\Users\re044869\.m2\repository\io\springfox\springfox-spring-webmvc\3.0.0\springfox-spring-webmvc-3.0.0.jar;C:\Users\re044869\.m2\repository\io\springfox\springfox-spring-webflux\3.0.0\springfox-spring-webflux-3.0.0.jar;C:\Users\re044869\.m2\repository\com\fasterxml\classmate\1.5.1\classmate-1.5.1.jar;C:\Users\re044869\.m2\repository\org\slf4j\slf4j-api\1.7.30\slf4j-api-1.7.30.jar;C:\Users\re044869\.m2\repository\org\springframework\plugin\spring-plugin-core\2.0.0.RELEASE\spring-plugin-core-2.0.0.RELEASE.jar;C:\Users\re044869\.m2\repository\org\springframework\plugin\spring-plugin-metadata\2.0.0.RELEASE\spring-plugin-metadata-2.0.0.RELEASE.jar;C:\Users\re044869\.m2\repository\io\swagger\swagger-annotations\1.5.20\swagger-annotations-1.5.20.jar;C:\Users\re044869\.m2\repository\io\swagger\swagger-models\1.5.20\swagger-models-1.5.20.jar;C:\Users\re044869\.m2\repository\org\mapstruct\mapstruct\1.3.1.Final\mapstruct-1.3.1.Final.jar;C:\Users\re044869\.m2\repository\org\hibernate\hibernate-entitymanager\5.4.31.Final\hibernate-entitymanager-5.4.31.Final.jar;C:\Users\re044869\.m2\repository\org\jboss\logging\jboss-logging\3.4.1.Final\jboss-logging-3.4.1.Final.jar;C:\Users\re044869\.m2\repository\org\dom4j\dom4j\2.1.3\dom4j-2.1.3.jar;C:\Users\re044869\.m2\repository\org\hibernate\common\hibernate-commons-annotations\5.1.2.Final\hibernate-commons-annotations-5.1.2.Final.jar;C:\Users\re044869\.m2\repository\javax\persistence\javax.persistence-api\2.2\javax.persistence-api-2.2.jar;C:\Users\re044869\.m2\repository\net\bytebuddy\byte-buddy\1.10.22\byte-buddy-1.10.22.jar;C:\Users\re044869\.m2\repository\org\jboss\spec\javax\transaction\jboss-transaction-api_1.2_spec\1.1.1.Final\jboss-transaction-api_1.2_spec-1.1.1.Final.jar;C:\Users\re044869\.m2\repository\io\springfox\springfox-swagger-ui\3.0.0\springfox-swagger-ui-3.0.0.jar;C:\Users\re044869\.m2\repository\junit\junit\4.13.2\junit-4.13.2.jar;C:\Users\re044869\.m2\repository\org\hamcrest\hamcrest-core\2.2\hamcrest-core-2.2.jar;C:\Users\re044869\.m2\repository\org\springframework\boot\spring-boot-starter-security\2.5.0\spring-boot-starter-security-2.5.0.jar;C:\Users\re044869\.m2\repository\org\springframework\spring-aop\5.3.7\spring-aop-5.3.7.jar;C:\Users\re044869\.m2\repository\org\springframework\security\spring-security-config\5.5.0\spring-security-config-5.5.0.jar;C:\Users\re044869\.m2\repository\org\springframework\security\spring-security-core\5.5.0\spring-security-core-5.5.0.jar;C:\Users\re044869\.m2\repository\org\jetbrains\kotlin\kotlin-stdlib-jdk8\1.5.0\kotlin-stdlib-jdk8-1.5.0.jar;C:\Users\re044869\.m2\repository\org\jetbrains\kotlin\kotlin-stdlib\1.5.0\kotlin-stdlib-1.5.0.jar;C:\Users\re044869\.m2\repository\org\jetbrains\annotations\13.0\annotations-13.0.jar;C:\Users\re044869\.m2\repository\org\jetbrains\kotlin\kotlin-stdlib-common\1.5.0\kotlin-stdlib-common-1.5.0.jar;C:\Users\re044869\.m2\repository\org\jetbrains\kotlin\kotlin-stdlib-jdk7\1.5.0\kotlin-stdlib-jdk7-1.5.0.jar;C:\Users\re044869\.m2\repository\org\springframework\security\spring-security-web\5.5.0\spring-security-web-5.5.0.jar;"/>
    <property name="java.vm.vendor" value="Eclipse Adoptium"/>
    <property name="sun.arch.data.model" value="64"/>
    <property name="user.variant" value=""/>
    <property name="java.vendor.url" value="https://adoptium.net/"/>
    <property name="user.timezone" value="America/Sao_Paulo"/>
    <property name="java.vm.specification.version" value="11"/>
    <property name="os.name" value="Windows 10"/>
    <property name="sun.java.launcher" value="SUN_STANDARD"/>
    <property name="user.country" value="BR"/>
    <property name="sun.boot.library.path" value="C:\Users\UsuÃ¡rio Qintess\.p2\pool\plugins\org.eclipse.justj.openjdk.hotspot.jre.full.win32.x86_64_11.0.17.v20221102-0901\jre\bin"/>
    <property name="sun.java.command" value="C:\Users\USURIO~2\AppData\Local\Temp\surefire3502981232596993734\surefirebooter12318639502481296766.jar C:\Users\UsuÃ¡rio Qintess\AppData\Local\Temp\surefire3502981232596993734 2023-02-07T15-18-45_298-jvmRun1 surefire10428343881187411840tmp surefire_010054921205010405919tmp"/>
    <property name="jdk.debug" value="release"/>
    <property name="surefire.test.class.path" value="C:\brian\PROJETO DE ESTUDOS\BACK\project-security\app\target\test-classes;C:\brian\PROJETO DE ESTUDOS\BACK\project-security\app\target\classes;C:\Users\re044869\.m2\repository\org\springframework\boot\spring-boot-starter\2.5.0\spring-boot-starter-2.5.0.jar;C:\Users\re044869\.m2\repository\org\springframework\boot\spring-boot\2.5.0\spring-boot-2.5.0.jar;C:\Users\re044869\.m2\repository\org\springframework\spring-context\5.3.7\spring-context-5.3.7.jar;C:\Users\re044869\.m2\repository\org\springframework\boot\spring-boot-autoconfigure\2.5.0\spring-boot-autoconfigure-2.5.0.jar;C:\Users\re044869\.m2\repository\org\springframework\boot\spring-boot-starter-logging\2.5.0\spring-boot-starter-logging-2.5.0.jar;C:\Users\re044869\.m2\repository\ch\qos\logback\logback-classic\1.2.3\logback-classic-1.2.3.jar;C:\Users\re044869\.m2\repository\ch\qos\logback\logback-core\1.2.3\logback-core-1.2.3.jar;C:\Users\re044869\.m2\repository\org\apache\logging\log4j\log4j-to-slf4j\2.14.1\log4j-to-slf4j-2.14.1.jar;C:\Users\re044869\.m2\repository\org\apache\logging\log4j\log4j-api\2.14.1\log4j-api-2.14.1.jar;C:\Users\re044869\.m2\repository\org\slf4j\jul-to-slf4j\1.7.30\jul-to-slf4j-1.7.30.jar;C:\Users\re044869\.m2\repository\jakarta\annotation\jakarta.annotation-api\1.3.5\jakarta.annotation-api-1.3.5.jar;C:\Users\re044869\.m2\repository\org\springframework\spring-core\5.3.7\spring-core-5.3.7.jar;C:\Users\re044869\.m2\repository\org\springframework\spring-jcl\5.3.7\spring-jcl-5.3.7.jar;C:\Users\re044869\.m2\repository\org\yaml\snakeyaml\1.28\snakeyaml-1.28.jar;C:\Users\re044869\.m2\repository\com\google\code\gson\gson\2.8.6\gson-2.8.6.jar;C:\Users\re044869\.m2\repository\org\springframework\boot\spring-boot-starter-test\2.5.0\spring-boot-starter-test-2.5.0.jar;C:\Users\re044869\.m2\repository\org\springframework\boot\spring-boot-test\2.5.0\spring-boot-test-2.5.0.jar;C:\Users\re044869\.m2\repository\org\springframework\boot\spring-boot-test-autoconfigure\2.5.0\spring-boot-test-autoconfigure-2.5.0.jar;C:\Users\re044869\.m2\repository\com\jayway\jsonpath\json-path\2.5.0\json-path-2.5.0.jar;C:\Users\re044869\.m2\repository\net\minidev\json-smart\2.4.7\json-smart-2.4.7.jar;C:\Users\re044869\.m2\repository\net\minidev\accessors-smart\2.4.7\accessors-smart-2.4.7.jar;C:\Users\re044869\.m2\repository\org\ow2\asm\asm\9.1\asm-9.1.jar;C:\Users\re044869\.m2\repository\jakarta\xml\bind\jakarta.xml.bind-api\2.3.3\jakarta.xml.bind-api-2.3.3.jar;C:\Users\re044869\.m2\repository\jakarta\activation\jakarta.activation-api\1.2.2\jakarta.activation-api-1.2.2.jar;C:\Users\re044869\.m2\repository\org\assertj\assertj-core\3.19.0\assertj-core-3.19.0.jar;C:\Users\re044869\.m2\repository\org\hamcrest\hamcrest\2.2\hamcrest-2.2.jar;C:\Users\re044869\.m2\repository\org\junit\jupiter\junit-jupiter\5.7.2\junit-jupiter-5.7.2.jar;C:\Users\re044869\.m2\repository\org\junit\jupiter\junit-jupiter-api\5.7.2\junit-jupiter-api-5.7.2.jar;C:\Users\re044869\.m2\repository\org\apiguardian\apiguardian-api\1.1.0\apiguardian-api-1.1.0.jar;C:\Users\re044869\.m2\repository\org\opentest4j\opentest4j\1.2.0\opentest4j-1.2.0.jar;C:\Users\re044869\.m2\repository\org\junit\platform\junit-platform-commons\1.7.2\junit-platform-commons-1.7.2.jar;C:\Users\re044869\.m2\repository\org\junit\jupiter\junit-jupiter-params\5.7.2\junit-jupiter-params-5.7.2.jar;C:\Users\re044869\.m2\repository\org\junit\jupiter\junit-jupiter-engine\5.7.2\junit-jupiter-engine-5.7.2.jar;C:\Users\re044869\.m2\repository\org\junit\platform\junit-platform-engine\1.7.2\junit-platform-engine-1.7.2.jar;C:\Users\re044869\.m2\repository\org\mockito\mockito-core\3.9.0\mockito-core-3.9.0.jar;C:\Users\re044869\.m2\repository\net\bytebuddy\byte-buddy-agent\1.10.22\byte-buddy-agent-1.10.22.jar;C:\Users\re044869\.m2\repository\org\objenesis\objenesis\3.2\objenesis-3.2.jar;C:\Users\re044869\.m2\repository\org\mockito\mockito-junit-jupiter\3.9.0\mockito-junit-jupiter-3.9.0.jar;C:\Users\re044869\.m2\repository\org\skyscreamer\jsonassert\1.5.0\jsonassert-1.5.0.jar;C:\Users\re044869\.m2\repository\com\vaadin\external\google\android-json\0.0.20131108.vaadin1\android-json-0.0.20131108.vaadin1.jar;C:\Users\re044869\.m2\repository\org\springframework\spring-test\5.3.7\spring-test-5.3.7.jar;C:\Users\re044869\.m2\repository\org\xmlunit\xmlunit-core\2.8.2\xmlunit-core-2.8.2.jar;C:\Users\re044869\.m2\repository\org\springframework\boot\spring-boot-starter-actuator\2.5.0\spring-boot-starter-actuator-2.5.0.jar;C:\Users\re044869\.m2\repository\org\springframework\boot\spring-boot-actuator-autoconfigure\2.5.0\spring-boot-actuator-autoconfigure-2.5.0.jar;C:\Users\re044869\.m2\repository\org\springframework\boot\spring-boot-actuator\2.5.0\spring-boot-actuator-2.5.0.jar;C:\Users\re044869\.m2\repository\com\fasterxml\jackson\datatype\jackson-datatype-jsr310\2.12.3\jackson-datatype-jsr310-2.12.3.jar;C:\Users\re044869\.m2\repository\io\micrometer\micrometer-core\1.7.0\micrometer-core-1.7.0.jar;C:\Users\re044869\.m2\repository\org\hdrhistogram\HdrHistogram\2.1.12\HdrHistogram-2.1.12.jar;C:\Users\re044869\.m2\repository\org\latencyutils\LatencyUtils\2.0.3\LatencyUtils-2.0.3.jar;C:\Users\re044869\.m2\repository\org\springframework\boot\spring-boot-starter-web\2.5.0\spring-boot-starter-web-2.5.0.jar;C:\Users\re044869\.m2\repository\org\springframework\boot\spring-boot-starter-json\2.5.0\spring-boot-starter-json-2.5.0.jar;C:\Users\re044869\.m2\repository\com\fasterxml\jackson\datatype\jackson-datatype-jdk8\2.12.3\jackson-datatype-jdk8-2.12.3.jar;C:\Users\re044869\.m2\repository\com\fasterxml\jackson\module\jackson-module-parameter-names\2.12.3\jackson-module-parameter-names-2.12.3.jar;C:\Users\re044869\.m2\repository\org\springframework\boot\spring-boot-starter-tomcat\2.5.0\spring-boot-starter-tomcat-2.5.0.jar;C:\Users\re044869\.m2\repository\org\apache\tomcat\embed\tomcat-embed-core\9.0.46\tomcat-embed-core-9.0.46.jar;C:\Users\re044869\.m2\repository\org\apache\tomcat\embed\tomcat-embed-websocket\9.0.46\tomcat-embed-websocket-9.0.46.jar;C:\Users\re044869\.m2\repository\org\springframework\spring-web\5.3.7\spring-web-5.3.7.jar;C:\Users\re044869\.m2\repository\org\springframework\spring-beans\5.3.7\spring-beans-5.3.7.jar;C:\Users\re044869\.m2\repository\org\springframework\spring-webmvc\5.3.7\spring-webmvc-5.3.7.jar;C:\Users\re044869\.m2\repository\org\springframework\spring-expression\5.3.7\spring-expression-5.3.7.jar;C:\Users\re044869\.m2\repository\io\jsonwebtoken\jjwt\0.9.1\jjwt-0.9.1.jar;C:\Users\re044869\.m2\repository\com\fasterxml\jackson\core\jackson-databind\2.12.3\jackson-databind-2.12.3.jar;C:\Users\re044869\.m2\repository\com\fasterxml\jackson\core\jackson-annotations\2.12.3\jackson-annotations-2.12.3.jar;C:\Users\re044869\.m2\repository\com\fasterxml\jackson\core\jackson-core\2.12.3\jackson-core-2.12.3.jar;C:\Users\re044869\.m2\repository\com\h2database\h2\1.4.200\h2-1.4.200.jar;C:\Users\re044869\.m2\repository\org\springframework\boot\spring-boot-starter-data-jpa\2.5.0\spring-boot-starter-data-jpa-2.5.0.jar;C:\Users\re044869\.m2\repository\org\springframework\boot\spring-boot-starter-aop\2.5.0\spring-boot-starter-aop-2.5.0.jar;C:\Users\re044869\.m2\repository\org\aspectj\aspectjweaver\1.9.6\aspectjweaver-1.9.6.jar;C:\Users\re044869\.m2\repository\org\springframework\boot\spring-boot-starter-jdbc\2.5.0\spring-boot-starter-jdbc-2.5.0.jar;C:\Users\re044869\.m2\repository\com\zaxxer\HikariCP\4.0.3\HikariCP-4.0.3.jar;C:\Users\re044869\.m2\repository\org\springframework\spring-jdbc\5.3.7\spring-jdbc-5.3.7.jar;C:\Users\re044869\.m2\repository\jakarta\transaction\jakarta.transaction-api\1.3.3\jakarta.transaction-api-1.3.3.jar;C:\Users\re044869\.m2\repository\jakarta\persistence\jakarta.persistence-api\2.2.3\jakarta.persistence-api-2.2.3.jar;C:\Users\re044869\.m2\repository\org\hibernate\hibernate-core\5.4.31.Final\hibernate-core-5.4.31.Final.jar;C:\Users\re044869\.m2\repository\org\javassist\javassist\3.27.0-GA\javassist-3.27.0-GA.jar;C:\Users\re044869\.m2\repository\antlr\antlr\2.7.7\antlr-2.7.7.jar;C:\Users\re044869\.m2\repository\org\jboss\jandex\2.2.3.Final\jandex-2.2.3.Final.jar;C:\Users\re044869\.m2\repository\org\glassfish\jaxb\jaxb-runtime\2.3.4\jaxb-runtime-2.3.4.jar;C:\Users\re044869\.m2\repository\org\glassfish\jaxb\txw2\2.3.4\txw2-2.3.4.jar;C:\Users\re044869\.m2\repository\com\sun\istack\istack-commons-runtime\3.0.12\istack-commons-runtime-3.0.12.jar;C:\Users\re044869\.m2\repository\com\sun\activation\jakarta.activation\1.2.2\jakarta.activation-1.2.2.jar;C:\Users\re044869\.m2\repository\org\springframework\data\spring-data-jpa\2.5.1\spring-data-jpa-2.5.1.jar;C:\Users\re044869\.m2\repository\org\springframework\data\spring-data-commons\2.5.1\spring-data-commons-2.5.1.jar;C:\Users\re044869\.m2\repository\org\springframework\spring-orm\5.3.7\spring-orm-5.3.7.jar;C:\Users\re044869\.m2\repository\org\springframework\spring-tx\5.3.7\spring-tx-5.3.7.jar;C:\Users\re044869\.m2\repository\org\springframework\spring-aspects\5.3.7\spring-aspects-5.3.7.jar;C:\Users\re044869\.m2\repository\net\sourceforge\jexcelapi\jxl\2.6.12\jxl-2.6.12.jar;C:\Users\re044869\.m2\repository\log4j\log4j\1.2.14\log4j-1.2.14.jar;C:\Users\re044869\.m2\repository\org\springframework\boot\spring-boot-starter-cache\2.5.0\spring-boot-starter-cache-2.5.0.jar;C:\Users\re044869\.m2\repository\org\springframework\spring-context-support\5.3.7\spring-context-support-5.3.7.jar;C:\Users\re044869\.m2\repository\org\springframework\boot\spring-boot-starter-validation\2.5.0\spring-boot-starter-validation-2.5.0.jar;C:\Users\re044869\.m2\repository\org\apache\tomcat\embed\tomcat-embed-el\9.0.46\tomcat-embed-el-9.0.46.jar;C:\Users\re044869\.m2\repository\org\hibernate\validator\hibernate-validator\6.2.0.Final\hibernate-validator-6.2.0.Final.jar;C:\Users\re044869\.m2\repository\jakarta\validation\jakarta.validation-api\2.0.2\jakarta.validation-api-2.0.2.jar;C:\Users\re044869\.m2\repository\io\springfox\springfox-swagger2\3.0.0\springfox-swagger2-3.0.0.jar;C:\Users\re044869\.m2\repository\io\springfox\springfox-spi\3.0.0\springfox-spi-3.0.0.jar;C:\Users\re044869\.m2\repository\io\springfox\springfox-core\3.0.0\springfox-core-3.0.0.jar;C:\Users\re044869\.m2\repository\io\springfox\springfox-schema\3.0.0\springfox-schema-3.0.0.jar;C:\Users\re044869\.m2\repository\io\springfox\springfox-swagger-common\3.0.0\springfox-swagger-common-3.0.0.jar;C:\Users\re044869\.m2\repository\io\swagger\core\v3\swagger-annotations\2.1.2\swagger-annotations-2.1.2.jar;C:\Users\re044869\.m2\repository\io\springfox\springfox-spring-web\3.0.0\springfox-spring-web-3.0.0.jar;C:\Users\re044869\.m2\repository\io\github\classgraph\classgraph\4.8.83\classgraph-4.8.83.jar;C:\Users\re044869\.m2\repository\io\springfox\springfox-spring-webmvc\3.0.0\springfox-spring-webmvc-3.0.0.jar;C:\Users\re044869\.m2\repository\io\springfox\springfox-spring-webflux\3.0.0\springfox-spring-webflux-3.0.0.jar;C:\Users\re044869\.m2\repository\com\fasterxml\classmate\1.5.1\classmate-1.5.1.jar;C:\Users\re044869\.m2\repository\org\slf4j\slf4j-api\1.7.30\slf4j-api-1.7.30.jar;C:\Users\re044869\.m2\repository\org\springframework\plugin\spring-plugin-core\2.0.0.RELEASE\spring-plugin-core-2.0.0.RELEASE.jar;C:\Users\re044869\.m2\repository\org\springframework\plugin\spring-plugin-metadata\2.0.0.RELEASE\spring-plugin-metadata-2.0.0.RELEASE.jar;C:\Users\re044869\.m2\repository\io\swagger\swagger-annotations\1.5.20\swagger-annotations-1.5.20.jar;C:\Users\re044869\.m2\repository\io\swagger\swagger-models\1.5.20\swagger-models-1.5.20.jar;C:\Users\re044869\.m2\repository\org\mapstruct\mapstruct\1.3.1.Final\mapstruct-1.3.1.Final.jar;C:\Users\re044869\.m2\repository\org\hibernate\hibernate-entitymanager\5.4.31.Final\hibernate-entitymanager-5.4.31.Final.jar;C:\Users\re044869\.m2\repository\org\jboss\logging\jboss-logging\3.4.1.Final\jboss-logging-3.4.1.Final.jar;C:\Users\re044869\.m2\repository\org\dom4j\dom4j\2.1.3\dom4j-2.1.3.jar;C:\Users\re044869\.m2\repository\org\hibernate\common\hibernate-commons-annotations\5.1.2.Final\hibernate-commons-annotations-5.1.2.Final.jar;C:\Users\re044869\.m2\repository\javax\persistence\javax.persistence-api\2.2\javax.persistence-api-2.2.jar;C:\Users\re044869\.m2\repository\net\bytebuddy\byte-buddy\1.10.22\byte-buddy-1.10.22.jar;C:\Users\re044869\.m2\repository\org\jboss\spec\javax\transaction\jboss-transaction-api_1.2_spec\1.1.1.Final\jboss-transaction-api_1.2_spec-1.1.1.Final.jar;C:\Users\re044869\.m2\repository\io\springfox\springfox-swagger-ui\3.0.0\springfox-swagger-ui-3.0.0.jar;C:\Users\re044869\.m2\repository\junit\junit\4.13.2\junit-4.13.2.jar;C:\Users\re044869\.m2\repository\org\hamcrest\hamcrest-core\2.2\hamcrest-core-2.2.jar;C:\Users\re044869\.m2\repository\org\springframework\boot\spring-boot-starter-security\2.5.0\spring-boot-starter-security-2.5.0.jar;C:\Users\re044869\.m2\repository\org\springframework\spring-aop\5.3.7\spring-aop-5.3.7.jar;C:\Users\re044869\.m2\repository\org\springframework\security\spring-security-config\5.5.0\spring-security-config-5.5.0.jar;C:\Users\re044869\.m2\repository\org\springframework\security\spring-security-core\5.5.0\spring-security-core-5.5.0.jar;C:\Users\re044869\.m2\repository\org\jetbrains\kotlin\kotlin-stdlib-jdk8\1.5.0\kotlin-stdlib-jdk8-1.5.0.jar;C:\Users\re044869\.m2\repository\org\jetbrains\kotlin\kotlin-stdlib\1.5.0\kotlin-stdlib-1.5.0.jar;C:\Users\re044869\.m2\repository\org\jetbrains\annotations\13.0\annotations-13.0.jar;C:\Users\re044869\.m2\repository\org\jetbrains\kotlin\kotlin-stdlib-common\1.5.0\kotlin-stdlib-common-1.5.0.jar;C:\Users\re044869\.m2\repository\org\jetbrains\kotlin\kotlin-stdlib-jdk7\1.5.0\kotlin-stdlib-jdk7-1.5.0.jar;C:\Users\re044869\.m2\repository\org\springframework\security\spring-security-web\5.5.0\spring-security-web-5.5.0.jar;"/>
    <property name="sun.cpu.endian" value="little"/>
    <property name="user.home" value="C:\Users\UsuÃ¡rio Qintess"/>
    <property name="user.language" value="pt"/>
    <property name="java.specification.vendor" value="Oracle Corporation"/>
    <property name="java.version.date" value="2022-10-18"/>
    <property name="java.home" value="C:\Users\UsuÃ¡rio Qintess\.p2\pool\plugins\org.eclipse.justj.openjdk.hotspot.jre.full.win32.x86_64_11.0.17.v20221102-0901\jre"/>
    <property name="file.separator" value="\"/>
    <property name="basedir" value="C:\brian\PROJETO DE ESTUDOS\BACK\project-security\app"/>
    <property name="java.vm.compressedOopsMode" value="Zero based"/>
    <property name="line.separator" value="&#10;"/>
    <property name="java.specification.name" value="Java Platform API Specification"/>
    <property name="java.vm.specification.vendor" value="Oracle Corporation"/>
    <property name="java.awt.graphicsenv" value="sun.awt.Win32GraphicsEnvironment"/>
    <property name="surefire.real.class.path" value="C:\Users\USURIO~2\AppData\Local\Temp\surefire3502981232596993734\surefirebooter12318639502481296766.jar"/>
    <property name="user.script" value=""/>
    <property name="sun.management.compiler" value="HotSpot 64-Bit Tiered Compilers"/>
    <property name="java.runtime.version" value="11.0.17+8"/>
    <property name="user.name" value="UsuÃ¡rio Qintess"/>
    <property name="path.separator" value=";"/>
    <property name="os.version" value="10.0"/>
    <property name="java.runtime.name" value="OpenJDK Runtime Environment"/>
    <property name="file.encoding" value="Cp1252"/>
    <property name="java.vm.name" value="OpenJDK 64-Bit Server VM"/>
    <property name="java.vendor.version" value="Temurin-11.0.17+8"/>
    <property name="localRepository" value="C:\Users\re044869\.m2\repository"/>
    <property name="java.vendor.url.bug" value="https://github.com/adoptium/adoptium-support/issues"/>
    <property name="java.io.tmpdir" value="C:\Users\USURIO~2\AppData\Local\Temp\"/>
    <property name="java.version" value="11.0.17"/>
    <property name="user.dir" value="C:\brian\PROJETO DE ESTUDOS\BACK\project-security\app"/>
    <property name="os.arch" value="amd64"/>
    <property name="java.vm.specification.name" value="Java Virtual Machine Specification"/>
    <property name="java.awt.printerjob" value="sun.awt.windows.WPrinterJob"/>
    <property name="sun.os.patch.level" value=""/>
    <property name="java.library.path" value="C:\Users\UsuÃ¡rio Qintess\.p2\pool\plugins\org.eclipse.justj.openjdk.hotspot.jre.full.win32.x86_64_11.0.17.v20221102-0901\jre\bin;C:\Windows\Sun\Java\bin;C:\Windows\system32;C:\Windows;C:/Users/UsuÃ¡rio Qintess/.p2/pool/plugins/org.eclipse.justj.openjdk.hotspot.jre.full.win32.x86_64_11.0.17.v20221102-0901/jre/bin/server;C:/Users/UsuÃ¡rio Qintess/.p2/pool/plugins/org.eclipse.justj.openjdk.hotspot.jre.full.win32.x86_64_11.0.17.v20221102-0901/jre/bin;C:\Program Files (x86)\Common Files\Oracle\Java\javapath;C:\Windows\system32;C:\Windows;C:\Windows\System32\Wbem;C:\Windows\System32\WindowsPowerShell\v1.0\;C:\Windows\System32\OpenSSH\;C:\CONF_PAULO\jdk1.8.0_201\bin;C:\Program Files (x86)\Microsoft SQL Server\150\DTS\Binn\;C:\Program Files\Azure Data Studio\bin;C:\CONF_PAULO\apache-maven-3.6.3\bin\bin;C:\CONF_PAULO\apache-maven-3.6.3\bin;C:\Program Files\Git\cmd;C:\Program Files\Docker\Docker\resources\bin;C:\ProgramData\DockerDesktop\version-bin;C:\Program Files (x86)\nodejs\;%M2_HOME%\bin;C:\Users\UsuÃ¡rio Qintess\AppData\Local\Microsoft\WindowsApps;;C:\Users\UsuÃ¡rio Qintess\AppData\Local\Programs\Microsoft VS Code\bin;C:\Users\UsuÃ¡rio Qintess\AppData\Roaming\npm;C:\Users\UsuÃ¡rio Qintess\Desktop;;."/>
    <property name="java.vm.info" value="mixed mode"/>
    <property name="java.vendor" value="Eclipse Adoptium"/>
    <property name="java.vm.version" value="11.0.17+8"/>
    <property name="sun.io.unicode.encoding" value="UnicodeLittle"/>
    <property name="java.class.version" value="55.0"/>
  </properties>
  <testcase name="createUsuarioSucess" classname="app.TestSeguranÃ§a" time="0.24"/>
  <testcase name="createUserWithErrorPassword" classname="app.TestSeguranÃ§a" time="0.04"/>
</testsuite>